<?xml version="1.0" encoding="UTF-8"?>
<!-- Generated by org.testng.reporters.JUnitReportReporter -->
<testsuite hostname="DESKTOP-73GTT7A" failures="0" tests="1" name="signintest" time="0.006" errors="0" timestamp="2023-10-23T11:42:22 EET" skipped="0">
  <testcase classname="signintest" name="MyTest" time="0.006"/>
  <system-out/>
</testsuite> <!-- signintest -->
